
ApiUsrAccount_login



----Parse_POST_req_to_inp
req.method= OPTIONS
req.url= /
end of req
ApiUsrAccount_login



----Parse_POST_req_to_inp
req.method= POST
req.url= /
------------------------------start... POST:  req.url= /
on post data.
on post eend.
POST after decoding, inp= {
    "SSID": "-",
    "api": "ApiUsrAccount_login",
    "par": {
        "repopath": "e09l",
        "passcode": "YQ=="
    },
    "out": {
        "SSID": "",
        "data": null,
        "desc": "",
        "err": null,
        "state": {}
    }
}
cbf start ------------------------------
loadObj_by_fname { obj:
   { ownername: 'YnNucGdocmVwb2xpc3Q=',
     ownerpets:
      [ 'Z2hwXz',
        'k2Z',
        'HZZO',
        'ENKUn',
        'lCR',
        'VhLOX',
        'NJZmZJ',
        'S1htSD',
        'Vue',
        'WREZT',
        'FENnI0TA',
        '==' ] },
  fname: '/home/ubuntu/install/gh/sponsorCfg.json.js',
  fsize: 183,
  header: 'var sponsorCfg = ',
  err: '',
  set_fname_header: [Function],
  writeback: [Function],
  stat:
   Stats {
     dev: 51713,
     mode: 33261,
     nlink: 1,
     uid: 0,
     gid: 0,
     rdev: 0,
     blksize: 4096,
     ino: 279202,
     size: 183,
     blocks: 8,
     atimeMs: 1670623502105.5723,
     mtimeMs: 1669426319800.0479,
     ctimeMs: 1669426319800.0479,
     birthtimeMs: 1669426319800.0479,
     atime: 2022-12-09T22:05:02.106Z,
     mtime: 2022-11-26T01:31:59.800Z,
     ctime: 2022-11-26T01:31:59.800Z,
     birthtime: 2022-11-26T01:31:59.800Z } }
sponsor { ownername: 'bsnpghrepolist',
  ownerpat: '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',
  ownerpa2: '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' }
__dirname= /var/www/html/wdaws/bb/svr/restapi/MyNodjsModules rootdir= /var/www/html/wdaws/
_prepare_proj_data_dirs---- projDirs = { root_sys: '/var/www/html/wdaws/',
  base_Dir: '/var/www/html/wdaws/ddir',
  user_dir: '/var/www/html/wdaws/ddir/usrs/github.com/bsnpghrepolist',
  git_root:
   '/var/www/html/wdaws/ddir/usrs/github.com/bsnpghrepolist/e09l',
  acct_dir:
   '/var/www/html/wdaws/ddir/usrs/github.com/bsnpghrepolist/e09l/account',
  dest_myo:
   '/var/www/html/wdaws/ddir/usrs/github.com/bsnpghrepolist/e09l/account/myoj',
  dest_dat:
   '/var/www/html/wdaws/ddir/usrs/github.com/bsnpghrepolist/e09l/account/dat' }
execSync Cmd: 
        #!/bin/sh 
        if [ -d "/var/www/html/wdaws/ddir/usrs/github.com/bsnpghrepolist" ]; then
            echo "/var/www/html/wdaws/ddir/usrs/github.com/bsnpghrepolist already has been created."
        else 
            echo "/var/www/html/wdaws/ddir/usrs/github.com/bsnpghrepolist does not exist, create it one-time-for-all: /var/www/html/wdaws/ddir/usrs/github.com/bsnpghrepolist"
            echo 'lll' | sudo -S mkdir -p /var/www/html/wdaws/ddir/usrs/github.com/bsnpghrepolist
            echo 'lll' | sudo -S chown -R ubuntu:ubuntu /var/www/html/wdaws/ddir/usrs/github.com/bsnpghrepolist
            echo 'lll' | sudo -S chmod -R 777 /var/www/html/wdaws/ddir
        fi
        
execSync ==> /var/www/html/wdaws/ddir/usrs/github.com/bsnpghrepolist already has been created.
 ...
-fs.existsSync(ghroot): true /var/www/html/wdaws/ddir/usrs/github.com/bsnpghrepolist already has been created.

========__Proj_parse_usr_login__
gh_api_repos_nameWithOwner: gh api repos/bsnpghrepolist/e09l
execSync Cmd: gh api repos/bsnpghrepolist/e09l
execSync ==> {"id":576539808,"node_id":"R_kgDOIl1MoA","name":"e09l","full_name":"bsnpghrepolist/e09l","private":false,"owner":{"login ...
********************************************* Deploy_git_dist  1
execSync Cmd: 
    #!/bin/sh     # git_clone()
    if [ -f "/var/www/html/wdaws/ddir/usrs/github.com/bsnpghrepolist/e09l/.git" ]; then
        echo "/var/www/html/wdaws/ddir/usrs/github.com/bsnpghrepolist/e09l aleady exists."
        echo 'lll' | sudo -S chmod  777 /var/www/html/wdaws/ddir/usrs/github.com/bsnpghrepolist/e09l
        sudo chown ubuntu:ubuntu -R /var/www/html/wdaws/ddir/usrs/github.com/bsnpghrepolist/e09l
    else 
        echo "/var/www/html/wdaws/ddir/usrs/github.com/bsnpghrepolist/e09l does not exist, then git clone   https://bsnpghrepolist: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@github.com/bsnpghrepolist/e09l.git  /var/www/html/wdaws/ddir/usrs/github.com/bsnpghrepolist/e09l"
        sudo rm -rf /var/www/html/wdaws/ddir/usrs/github.com/bsnpghrepolist/e09l
        echo 'lll' | sudo -S GIT_TERMINAL_PROMPT=0 git clone   https://bsnpghrepolist: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@github.com/bsnpghrepolist/e09l.git  /var/www/html/wdaws/ddir/usrs/github.com/bsnpghrepolist/e09l
        sudo -S chmod 777 -R /var/www/html/wdaws/ddir/usrs/github.com/bsnpghrepolist/e09l
        sudo chown ubuntu:ubuntu -R /var/www/html/wdaws/ddir/usrs/github.com/bsnpghrepolist/e09l
    fi
    
Cloning into '/var/www/html/wdaws/ddir/usrs/github.com/bsnpghrepolist/e09l'...
execSync ==> /var/www/html/wdaws/ddir/usrs/github.com/bsnpghrepolist/e09l does not exist, then git clone   https://bsnpghrepolist:ghp ...
git_clone_cmd: /var/www/html/wdaws/ddir/usrs/github.com/bsnpghrepolist/e09l /var/www/html/wdaws/ddir/usrs/github.com/bsnpghrepolist/e09l does not exist, then git clone   https://bsnpghrepolist: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@github.com/bsnpghrepolist/e09l.git  /var/www/html/wdaws/ddir/usrs/github.com/bsnpghrepolist/e09l

execSync Cmd: 
    sudo mkdir -p /var/www/html/wdaws/ddir/usrs/github.com/bsnpghrepolist/e09l
    cd /var/www/html/wdaws/ddir/usrs/github.com/bsnpghrepolist/e09l
    pwd
    sudo chown ubuntu:ubuntu -R /var/www/html/wdaws/ddir/usrs/github.com/bsnpghrepolist/e09l
    sudo chmod 777 -R /var/www/html/wdaws/ddir/usrs/github.com/bsnpghrepolist/e09l
    sudo GIT_TERMINAL_PROMPT=0 git pull     #origin main
    #sudo git checkout main
    sudo chown ubuntu:ubuntu -R /var/www/html/wdaws/ddir/usrs/github.com/bsnpghrepolist/e09l
    sudo chmod 777 -R /var/www/html/wdaws/ddir/usrs/github.com/bsnpghrepolist/e09l
    git branch -a
    
execSync ==> /var/www/html/wdaws/ddir/usrs/github.com/bsnpghrepolist/e09l
Already up to date.
* master
  remotes/origin/HEAD -> origi ...
salt /var/www/html/wdaws/ddir/usrs/github.com/bsnpghrepolist/e09l/.salts ["YQ==","a"]
NCache.Set|key,val,ttl | 1670655598915e09l { repopath: 'e09l',
  passcode: 'YQ==',
  tms: 1670655598915,
  ttl: 360000 } 360000
Session_create:ssid= 1670655598915e09l 1670655598915e09l { repopath: 'e09l',
  passcode: 'YQ==',
  tms: 1670655598915,
  ttl: 360000 } 360000
execSync Cmd: 
      sudo -S rm -rf /var/www/html/wdaws/ddir/usrs/github.com/bsnpghrepolist/e09l
    
execSync ==>  ...
********************************************* Deploy_git_dist  1
execSync Cmd: 
    #!/bin/sh     # git_clone()
    if [ -f "/var/www/html/wdaws/ddir/usrs/github.com/bsnpghrepolist/e09l/account/.git" ]; then
        echo "/var/www/html/wdaws/ddir/usrs/github.com/bsnpghrepolist/e09l/account aleady exists."
        echo 'lll' | sudo -S chmod  777 /var/www/html/wdaws/ddir/usrs/github.com/bsnpghrepolist/e09l/account
        sudo chown ubuntu:ubuntu -R /var/www/html/wdaws/ddir/usrs/github.com/bsnpghrepolist/e09l/account
    else 
        echo "/var/www/html/wdaws/ddir/usrs/github.com/bsnpghrepolist/e09l/account does not exist, then git clone --branch gh-pages  https://bsnpghrepolist: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@github.com/bsnpghrepolist/e09l.git  /var/www/html/wdaws/ddir/usrs/github.com/bsnpghrepolist/e09l/account"
        sudo rm -rf /var/www/html/wdaws/ddir/usrs/github.com/bsnpghrepolist/e09l/account
        echo 'lll' | sudo -S GIT_TERMINAL_PROMPT=0 git clone --branch gh-pages  https://bsnpghrepolist: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@github.com/bsnpghrepolist/e09l.git  /var/www/html/wdaws/ddir/usrs/github.com/bsnpghrepolist/e09l/account
        sudo -S chmod 777 -R /var/www/html/wdaws/ddir/usrs/github.com/bsnpghrepolist/e09l/account
        sudo chown ubuntu:ubuntu -R /var/www/html/wdaws/ddir/usrs/github.com/bsnpghrepolist/e09l/account
    fi
    
Cloning into '/var/www/html/wdaws/ddir/usrs/github.com/bsnpghrepolist/e09l/account'...
fatal: Remote branch gh-pages not found in upstream origin
chmod: cannot access '/var/www/html/wdaws/ddir/usrs/github.com/bsnpghrepolist/e09l/account': No such file or directory
chown: cannot access '/var/www/html/wdaws/ddir/usrs/github.com/bsnpghrepolist/e09l/account': No such file or directory
error status: 1
error message: Command failed: 
    #!/bin/sh     # git_clone()
    if [ -f "/var/www/html/wdaws/ddir/usrs/github.com/bsnpghrepolist/e09l/account/.git" ]; then
        echo "/var/www/html/wdaws/ddir/usrs/github.com/bsnpghrepolist/e09l/account aleady exists."
        echo 'lll' | sudo -S chmod  777 /var/www/html/wdaws/ddir/usrs/github.com/bsnpghrepolist/e09l/account
        sudo chown ubuntu:ubuntu -R /var/www/html/wdaws/ddir/usrs/github.com/bsnpghrepolist/e09l/account
    else 
        echo "/var/www/html/wdaws/ddir/usrs/github.com/bsnpghrepolist/e09l/account does not exist, then git clone --branch gh-pages  https://bsnpghrepolist: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@github.com/bsnpghrepolist/e09l.git  /var/www/html/wdaws/ddir/usrs/github.com/bsnpghrepolist/e09l/account"
        sudo rm -rf /var/www/html/wdaws/ddir/usrs/github.com/bsnpghrepolist/e09l/account
        echo 'lll' | sudo -S GIT_TERMINAL_PROMPT=0 git clone --branch gh-pages  https://bsnpghrepolist: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@github.com/bsnpghrepolist/e09l.git  /var/www/html/wdaws/ddir/usrs/github.com/bsnpghrepolist/e09l/account
        sudo -S chmod 777 -R /var/www/html/wdaws/ddir/usrs/github.com/bsnpghrepolist/e09l/account
        sudo chown ubuntu:ubuntu -R /var/www/html/wdaws/ddir/usrs/github.com/bsnpghrepolist/e09l/account
    fi
    
Cloning into '/var/www/html/wdaws/ddir/usrs/github.com/bsnpghrepolist/e09l/account'...
fatal: Remote branch gh-pages not found in upstream origin
chmod: cannot access '/var/www/html/wdaws/ddir/usrs/github.com/bsnpghrepolist/e09l/account': No such file or directory
chown: cannot access '/var/www/html/wdaws/ddir/usrs/github.com/bsnpghrepolist/e09l/account': No such file or directory

error stderr: Cloning into '/var/www/html/wdaws/ddir/usrs/github.com/bsnpghrepolist/e09l/account'...
fatal: Remote branch gh-pages not found in upstream origin
chmod: cannot access '/var/www/html/wdaws/ddir/usrs/github.com/bsnpghrepolist/e09l/account': No such file or directory
chown: cannot access '/var/www/html/wdaws/ddir/usrs/github.com/bsnpghrepolist/e09l/account': No such file or directory

error stdout: /var/www/html/wdaws/ddir/usrs/github.com/bsnpghrepolist/e09l/account does not exist, then git clone --branch gh-pages  https://bsnpghrepolist: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@github.com/bsnpghrepolist/e09l.git  /var/www/html/wdaws/ddir/usrs/github.com/bsnpghrepolist/e09l/account

git_clone_cmd: /var/www/html/wdaws/ddir/usrs/github.com/bsnpghrepolist/e09l/account Command failed: 
    #!/bin/sh     # git_clone()
    if [ -f "/var/www/html/wdaws/ddir/usrs/github.com/bsnpghrepolist/e09l/account/.git" ]; then
        echo "/var/www/html/wdaws/ddir/usrs/github.com/bsnpghrepolist/e09l/account aleady exists."
        echo 'lll' | sudo -S chmod  777 /var/www/html/wdaws/ddir/usrs/github.com/bsnpghrepolist/e09l/account
        sudo chown ubuntu:ubuntu -R /var/www/html/wdaws/ddir/usrs/github.com/bsnpghrepolist/e09l/account
    else 
        echo "/var/www/html/wdaws/ddir/usrs/github.com/bsnpghrepolist/e09l/account does not exist, then git clone --branch gh-pages  https://bsnpghrepolist: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@github.com/bsnpghrepolist/e09l.git  /var/www/html/wdaws/ddir/usrs/github.com/bsnpghrepolist/e09l/account"
        sudo rm -rf /var/www/html/wdaws/ddir/usrs/github.com/bsnpghrepolist/e09l/account
        echo 'lll' | sudo -S GIT_TERMINAL_PROMPT=0 git clone --branch gh-pages  https://bsnpghrepolist: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@github.com/bsnpghrepolist/e09l.git  /var/www/html/wdaws/ddir/usrs/github.com/bsnpghrepolist/e09l/account
        sudo -S chmod 777 -R /var/www/html/wdaws/ddir/usrs/github.com/bsnpghrepolist/e09l/account
        sudo chown ubuntu:ubuntu -R /var/www/html/wdaws/ddir/usrs/github.com/bsnpghrepolist/e09l/account
    fi
    
Cloning into '/var/www/html/wdaws/ddir/usrs/github.com/bsnpghrepolist/e09l/account'...
fatal: Remote branch gh-pages not found in upstream origin
chmod: cannot access '/var/www/html/wdaws/ddir/usrs/github.com/bsnpghrepolist/e09l/account': No such file or directory
chown: cannot access '/var/www/html/wdaws/ddir/usrs/github.com/bsnpghrepolist/e09l/account': No such file or directory

{ SSID: '-',
  api: 'ApiUsrAccount_login',
  par: { repopath: 'e09l', passcode: 'YQ==' },
  out:
   { SSID: '1670655598915e09l',
     data: null,
     desc: '',
     err: null,
     state:
      { fstat: {}, repo_usage: '0.00/1000(MB)', repo_alertLevel: 0 },
     vld: { ok: [Array] },
     ghapinfo:
      { id: 576539808,
        node_id: 'R_kgDOIl1MoA',
        name: 'e09l',
        full_name: 'bsnpghrepolist/e09l',
        private: false,
        owner: [Object],
        html_url: 'https://github.com/bsnpghrepolist/e09l',
        description: null,
        fork: false,
        url: 'https://api.github.com/repos/bsnpghrepolist/e09l',
        forks_url: 'https://api.github.com/repos/bsnpghrepolist/e09l/forks',
        keys_url:
         'https://api.github.com/repos/bsnpghrepolist/e09l/keys{/key_id}',
        collaborators_url:
         'https://api.github.com/repos/bsnpghrepolist/e09l/collaborators{/collaborator}',
        teams_url: 'https://api.github.com/repos/bsnpghrepolist/e09l/teams',
        hooks_url: 'https://api.github.com/repos/bsnpghrepolist/e09l/hooks',
        issue_events_url:
         'https://api.github.com/repos/bsnpghrepolist/e09l/issues/events{/number}',
        events_url: 'https://api.github.com/repos/bsnpghrepolist/e09l/events',
        assignees_url:
         'https://api.github.com/repos/bsnpghrepolist/e09l/assignees{/user}',
        branches_url:
         'https://api.github.com/repos/bsnpghrepolist/e09l/branches{/branch}',
        tags_url: 'https://api.github.com/repos/bsnpghrepolist/e09l/tags',
        blobs_url:
         'https://api.github.com/repos/bsnpghrepolist/e09l/git/blobs{/sha}',
        git_tags_url:
         'https://api.github.com/repos/bsnpghrepolist/e09l/git/tags{/sha}',
        git_refs_url:
         'https://api.github.com/repos/bsnpghrepolist/e09l/git/refs{/sha}',
        trees_url:
         'https://api.github.com/repos/bsnpghrepolist/e09l/git/trees{/sha}',
        statuses_url:
         'https://api.github.com/repos/bsnpghrepolist/e09l/statuses/{sha}',
        languages_url: 'https://api.github.com/repos/bsnpghrepolist/e09l/languages',
        stargazers_url:
         'https://api.github.com/repos/bsnpghrepolist/e09l/stargazers',
        contributors_url:
         'https://api.github.com/repos/bsnpghrepolist/e09l/contributors',
        subscribers_url:
         'https://api.github.com/repos/bsnpghrepolist/e09l/subscribers',
        subscription_url:
         'https://api.github.com/repos/bsnpghrepolist/e09l/subscription',
        commits_url:
         'https://api.github.com/repos/bsnpghrepolist/e09l/commits{/sha}',
        git_commits_url:
         'https://api.github.com/repos/bsnpghrepolist/e09l/git/commits{/sha}',
        comments_url:
         'https://api.github.com/repos/bsnpghrepolist/e09l/comments{/number}',
        issue_comment_url:
         'https://api.github.com/repos/bsnpghrepolist/e09l/issues/comments{/number}',
        contents_url:
         'https://api.github.com/repos/bsnpghrepolist/e09l/contents/{+path}',
        compare_url:
         'https://api.github.com/repos/bsnpghrepolist/e09l/compare/{base}...{head}',
        merges_url: 'https://api.github.com/repos/bsnpghrepolist/e09l/merges',
        archive_url:
         'https://api.github.com/repos/bsnpghrepolist/e09l/{archive_format}{/ref}',
        downloads_url: 'https://api.github.com/repos/bsnpghrepolist/e09l/downloads',
        issues_url:
         'https://api.github.com/repos/bsnpghrepolist/e09l/issues{/number}',
        pulls_url:
         'https://api.github.com/repos/bsnpghrepolist/e09l/pulls{/number}',
        milestones_url:
         'https://api.github.com/repos/bsnpghrepolist/e09l/milestones{/number}',
        notifications_url:
         'https://api.github.com/repos/bsnpghrepolist/e09l/notifications{?since,all,participating}',
        labels_url:
         'https://api.github.com/repos/bsnpghrepolist/e09l/labels{/name}',
        releases_url:
         'https://api.github.com/repos/bsnpghrepolist/e09l/releases{/id}',
        deployments_url:
         'https://api.github.com/repos/bsnpghrepolist/e09l/deployments',
        created_at: '2022-12-10T06:44:56Z',
        updated_at: '2022-12-10T06:44:56Z',
        pushed_at: '2022-12-10T06:44:57Z',
        git_url: 'git://github.com/bsnpghrepolist/e09l.git',
        ssh_url: 'git@github.com:bsnpghrepolist/e09l.git',
        clone_url: 'https://github.com/bsnpghrepolist/e09l.git',
        svn_url: 'https://github.com/bsnpghrepolist/e09l',
        homepage: null,
        size: 0,
        stargazers_count: 0,
        watchers_count: 0,
        language: null,
        has_issues: true,
        has_projects: true,
        has_downloads: true,
        has_wiki: true,
        has_pages: false,
        has_discussions: false,
        forks_count: 0,
        mirror_url: null,
        archived: false,
        disabled: false,
        open_issues_count: 0,
        license: null,
        allow_forking: true,
        is_template: false,
        web_commit_signoff_required: false,
        topics: [],
        visibility: 'public',
        forks: 0,
        open_issues: 0,
        watchers: 0,
        default_branch: 'master',
        permissions: [Object],
        temp_clone_token: '',
        allow_squash_merge: true,
        allow_merge_commit: true,
        allow_rebase_merge: true,
        allow_auto_merge: false,
        delete_branch_on_merge: false,
        allow_update_branch: false,
        use_squash_pr_title_as_default: false,
        squash_merge_commit_message: 'COMMIT_MESSAGES',
        squash_merge_commit_title: 'COMMIT_OR_PR_TITLE',
        merge_commit_message: 'PR_TITLE',
        merge_commit_title: 'MERGE_MESSAGE',
        network_count: 0,
        subscribers_count: 1 },
     delete_master_dir: '',
     deploy:
      'Command failed: \n    #!/bin/sh     # git_clone()\n    if [ -f "/var/www/html/wdaws/ddir/usrs/github.com/bsnpghrepolist/e09l/account/.git" ]; then\n        echo "/var/www/html/wdaws/ddir/usrs/github.com/bsnpghrepolist/e09l/account aleady exists."\n        echo \'lll\' | sudo -S chmod  777 /var/www/html/wdaws/ddir/usrs/github.com/bsnpghrepolist/e09l/account\n        sudo chown ubuntu:ubuntu -R /var/www/html/wdaws/ddir/usrs/github.com/bsnpghrepolist/e09l/account\n    else \n        echo "/var/www/html/wdaws/ddir/usrs/github.com/bsnpghrepolist/e09l/account does not exist, then git clone --branch gh-pages  https://bsnpghrepolist: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@github.com/bsnpghrepolist/e09l.git  /var/www/html/wdaws/ddir/usrs/github.com/bsnpghrepolist/e09l/account"\n        sudo rm -rf /var/www/html/wdaws/ddir/usrs/github.com/bsnpghrepolist/e09l/account\n        echo \'lll\' | sudo -S GIT_TERMINAL_PROMPT=0 git clone --branch gh-pages  https://bsnpghrepolist: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@github.com/bsnpghrepolist/e09l.git  /var/www/html/wdaws/ddir/usrs/github.com/bsnpghrepolist/e09l/account\n        sudo -S chmod 777 -R /var/www/html/wdaws/ddir/usrs/github.com/bsnpghrepolist/e09l/account\n        sudo chown ubuntu:ubuntu -R /var/www/html/wdaws/ddir/usrs/github.com/bsnpghrepolist/e09l/account\n    fi\n    \nCloning into \'/var/www/html/wdaws/ddir/usrs/github.com/bsnpghrepolist/e09l/account\'...\nfatal: Remote branch gh-pages not found in upstream origin\nchmod: cannot access \'/var/www/html/wdaws/ddir/usrs/github.com/bsnpghrepolist/e09l/account\': No such file or directory\nchown: cannot access \'/var/www/html/wdaws/ddir/usrs/github.com/bsnpghrepolist/e09l/account\': No such file or directory\n',
     saltary: [ 'YQ==', 'a' ],
     state_main:
      { fstat: [Object],
        repo_usage: '0.00/1000(MB)',
        repo_alertLevel: 0 } } }
cbf ended ------------------------------
______________________________finished post req 2022-12-10T06:59:59.047Z



----Parse_POST_req_to_inp
req.method= OPTIONS
req.url= /
end of req



----Parse_POST_req_to_inp
req.method= POST
req.url= /
------------------------------start... POST:  req.url= /
on post data.
on post eend.
POST after decoding, inp= {
    "SSID": "1670655598915e09l",
    "api": "ApiUsrDat_load",
    "par": {
        "fnames": [
            "./dat/MostRecentVerses"
        ],
        "data": {
            "MostRecent_Verses": {},
            "MostRecent_Searches": {}
        }
    },
    "out": {
        "SSID": "",
        "data": null,
        "desc": "",
        "err": null,
        "state": {}
    }
}
cbf start ------------------------------
NCache.Set|key,val,ttl | 1670655598915e09l { repopath: 'e09l',
  passcode: 'YQ==',
  tms: 1670655599384,
  ttl: 360000 } 360000
NCache.Get|key,val,ttl | 1670655598915e09l { repopath: 'e09l',
  passcode: 'YQ==',
  tms: 1670655599384,
  ttl: 360000 } 360000
NCache.Set|key,val,ttl | 1670655598915e09l { repopath: 'e09l',
  passcode: 'YQ==',
  tms: 1670655599385,
  ttl: 15552000 } 15552000
loadObj_by_fname { obj:
   { ownername: 'YnNucGdocmVwb2xpc3Q=',
     ownerpets:
      [ 'Z2hwXz',
        'k2Z',
        'HZZO',
        'ENKUn',
        'lCR',
        'VhLOX',
        'NJZmZJ',
        'S1htSD',
        'Vue',
        'WREZT',
        'FENnI0TA',
        '==' ] },
  fname: '/home/ubuntu/install/gh/sponsorCfg.json.js',
  fsize: 183,
  header: 'var sponsorCfg = ',
  err: '',
  set_fname_header: [Function],
  writeback: [Function],
  stat:
   Stats {
     dev: 51713,
     mode: 33261,
     nlink: 1,
     uid: 0,
     gid: 0,
     rdev: 0,
     blksize: 4096,
     ino: 279202,
     size: 183,
     blocks: 8,
     atimeMs: 1670623502105.5723,
     mtimeMs: 1669426319800.0479,
     ctimeMs: 1669426319800.0479,
     birthtimeMs: 1669426319800.0479,
     atime: 2022-12-09T22:05:02.106Z,
     mtime: 2022-11-26T01:31:59.800Z,
     ctime: 2022-11-26T01:31:59.800Z,
     birthtime: 2022-11-26T01:31:59.800Z } }
sponsor { ownername: 'bsnpghrepolist',
  ownerpat: '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',
  ownerpa2: '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' }
__dirname= /var/www/html/wdaws/bb/svr/restapi/MyNodjsModules rootdir= /var/www/html/wdaws/
_prepare_proj_data_dirs---- projDirs = { root_sys: '/var/www/html/wdaws/',
  base_Dir: '/var/www/html/wdaws/ddir',
  user_dir: '/var/www/html/wdaws/ddir/usrs/github.com/bsnpghrepolist',
  git_root:
   '/var/www/html/wdaws/ddir/usrs/github.com/bsnpghrepolist/e09l',
  acct_dir:
   '/var/www/html/wdaws/ddir/usrs/github.com/bsnpghrepolist/e09l/account',
  dest_myo:
   '/var/www/html/wdaws/ddir/usrs/github.com/bsnpghrepolist/e09l/account/myoj',
  dest_dat:
   '/var/www/html/wdaws/ddir/usrs/github.com/bsnpghrepolist/e09l/account/dat' }
execSync Cmd: 
        #!/bin/sh 
        if [ -d "/var/www/html/wdaws/ddir/usrs/github.com/bsnpghrepolist" ]; then
            echo "/var/www/html/wdaws/ddir/usrs/github.com/bsnpghrepolist already has been created."
        else 
            echo "/var/www/html/wdaws/ddir/usrs/github.com/bsnpghrepolist does not exist, create it one-time-for-all: /var/www/html/wdaws/ddir/usrs/github.com/bsnpghrepolist"
            echo 'lll' | sudo -S mkdir -p /var/www/html/wdaws/ddir/usrs/github.com/bsnpghrepolist
            echo 'lll' | sudo -S chown -R ubuntu:ubuntu /var/www/html/wdaws/ddir/usrs/github.com/bsnpghrepolist
            echo 'lll' | sudo -S chmod -R 777 /var/www/html/wdaws/ddir
        fi
        
execSync ==> /var/www/html/wdaws/ddir/usrs/github.com/bsnpghrepolist already has been created.
 ...
-fs.existsSync(ghroot): true /var/www/html/wdaws/ddir/usrs/github.com/bsnpghrepolist already has been created.

********************************************* Deploy_git_dist  1
execSync Cmd: 
    #!/bin/sh     # git_clone()
    if [ -f "/var/www/html/wdaws/ddir/usrs/github.com/bsnpghrepolist/e09l/account/.git" ]; then
        echo "/var/www/html/wdaws/ddir/usrs/github.com/bsnpghrepolist/e09l/account aleady exists."
        echo 'lll' | sudo -S chmod  777 /var/www/html/wdaws/ddir/usrs/github.com/bsnpghrepolist/e09l/account
        sudo chown ubuntu:ubuntu -R /var/www/html/wdaws/ddir/usrs/github.com/bsnpghrepolist/e09l/account
    else 
        echo "/var/www/html/wdaws/ddir/usrs/github.com/bsnpghrepolist/e09l/account does not exist, then git clone --branch gh-pages  https://bsnpghrepolist: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@github.com/bsnpghrepolist/e09l.git  /var/www/html/wdaws/ddir/usrs/github.com/bsnpghrepolist/e09l/account"
        sudo rm -rf /var/www/html/wdaws/ddir/usrs/github.com/bsnpghrepolist/e09l/account
        echo 'lll' | sudo -S GIT_TERMINAL_PROMPT=0 git clone --branch gh-pages  https://bsnpghrepolist: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@github.com/bsnpghrepolist/e09l.git  /var/www/html/wdaws/ddir/usrs/github.com/bsnpghrepolist/e09l/account
        sudo -S chmod 777 -R /var/www/html/wdaws/ddir/usrs/github.com/bsnpghrepolist/e09l/account
        sudo chown ubuntu:ubuntu -R /var/www/html/wdaws/ddir/usrs/github.com/bsnpghrepolist/e09l/account
    fi
    
Cloning into '/var/www/html/wdaws/ddir/usrs/github.com/bsnpghrepolist/e09l/account'...
fatal: Remote branch gh-pages not found in upstream origin
chmod: cannot access '/var/www/html/wdaws/ddir/usrs/github.com/bsnpghrepolist/e09l/account': No such file or directory
chown: cannot access '/var/www/html/wdaws/ddir/usrs/github.com/bsnpghrepolist/e09l/account': No such file or directory
error status: 1
error message: Command failed: 
    #!/bin/sh     # git_clone()
    if [ -f "/var/www/html/wdaws/ddir/usrs/github.com/bsnpghrepolist/e09l/account/.git" ]; then
        echo "/var/www/html/wdaws/ddir/usrs/github.com/bsnpghrepolist/e09l/account aleady exists."
        echo 'lll' | sudo -S chmod  777 /var/www/html/wdaws/ddir/usrs/github.com/bsnpghrepolist/e09l/account
        sudo chown ubuntu:ubuntu -R /var/www/html/wdaws/ddir/usrs/github.com/bsnpghrepolist/e09l/account
    else 
        echo "/var/www/html/wdaws/ddir/usrs/github.com/bsnpghrepolist/e09l/account does not exist, then git clone --branch gh-pages  https://bsnpghrepolist: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@github.com/bsnpghrepolist/e09l.git  /var/www/html/wdaws/ddir/usrs/github.com/bsnpghrepolist/e09l/account"
        sudo rm -rf /var/www/html/wdaws/ddir/usrs/github.com/bsnpghrepolist/e09l/account
        echo 'lll' | sudo -S GIT_TERMINAL_PROMPT=0 git clone --branch gh-pages  https://bsnpghrepolist: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@github.com/bsnpghrepolist/e09l.git  /var/www/html/wdaws/ddir/usrs/github.com/bsnpghrepolist/e09l/account
        sudo -S chmod 777 -R /var/www/html/wdaws/ddir/usrs/github.com/bsnpghrepolist/e09l/account
        sudo chown ubuntu:ubuntu -R /var/www/html/wdaws/ddir/usrs/github.com/bsnpghrepolist/e09l/account
    fi
    
Cloning into '/var/www/html/wdaws/ddir/usrs/github.com/bsnpghrepolist/e09l/account'...
fatal: Remote branch gh-pages not found in upstream origin
chmod: cannot access '/var/www/html/wdaws/ddir/usrs/github.com/bsnpghrepolist/e09l/account': No such file or directory
chown: cannot access '/var/www/html/wdaws/ddir/usrs/github.com/bsnpghrepolist/e09l/account': No such file or directory

error stderr: Cloning into '/var/www/html/wdaws/ddir/usrs/github.com/bsnpghrepolist/e09l/account'...
fatal: Remote branch gh-pages not found in upstream origin
chmod: cannot access '/var/www/html/wdaws/ddir/usrs/github.com/bsnpghrepolist/e09l/account': No such file or directory
chown: cannot access '/var/www/html/wdaws/ddir/usrs/github.com/bsnpghrepolist/e09l/account': No such file or directory

error stdout: /var/www/html/wdaws/ddir/usrs/github.com/bsnpghrepolist/e09l/account does not exist, then git clone --branch gh-pages  https://bsnpghrepolist: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@github.com/bsnpghrepolist/e09l.git  /var/www/html/wdaws/ddir/usrs/github.com/bsnpghrepolist/e09l/account

git_clone_cmd: /var/www/html/wdaws/ddir/usrs/github.com/bsnpghrepolist/e09l/account Command failed: 
    #!/bin/sh     # git_clone()
    if [ -f "/var/www/html/wdaws/ddir/usrs/github.com/bsnpghrepolist/e09l/account/.git" ]; then
        echo "/var/www/html/wdaws/ddir/usrs/github.com/bsnpghrepolist/e09l/account aleady exists."
        echo 'lll' | sudo -S chmod  777 /var/www/html/wdaws/ddir/usrs/github.com/bsnpghrepolist/e09l/account
        sudo chown ubuntu:ubuntu -R /var/www/html/wdaws/ddir/usrs/github.com/bsnpghrepolist/e09l/account
    else 
        echo "/var/www/html/wdaws/ddir/usrs/github.com/bsnpghrepolist/e09l/account does not exist, then git clone --branch gh-pages  https://bsnpghrepolist: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@github.com/bsnpghrepolist/e09l.git  /var/www/html/wdaws/ddir/usrs/github.com/bsnpghrepolist/e09l/account"
        sudo rm -rf /var/www/html/wdaws/ddir/usrs/github.com/bsnpghrepolist/e09l/account
        echo 'lll' | sudo -S GIT_TERMINAL_PROMPT=0 git clone --branch gh-pages  https://bsnpghrepolist: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@github.com/bsnpghrepolist/e09l.git  /var/www/html/wdaws/ddir/usrs/github.com/bsnpghrepolist/e09l/account
        sudo -S chmod 777 -R /var/www/html/wdaws/ddir/usrs/github.com/bsnpghrepolist/e09l/account
        sudo chown ubuntu:ubuntu -R /var/www/html/wdaws/ddir/usrs/github.com/bsnpghrepolist/e09l/account
    fi
    
Cloning into '/var/www/html/wdaws/ddir/usrs/github.com/bsnpghrepolist/e09l/account'...
fatal: Remote branch gh-pages not found in upstream origin
chmod: cannot access '/var/www/html/wdaws/ddir/usrs/github.com/bsnpghrepolist/e09l/account': No such file or directory
chown: cannot access '/var/www/html/wdaws/ddir/usrs/github.com/bsnpghrepolist/e09l/account': No such file or directory

out.data {}
cbf ended ------------------------------
______________________________finished post req 2022-12-10T06:59:59.664Z

